<?xml version="1.0" encoding="utf-8"?><testsuites name="pytest tests"><testsuite name="pytest" errors="0" failures="0" skipped="0" tests="10" time="0.885" timestamp="2026-05-23T08:38:59.242647+00:00" hostname="agent-env-e5c09ffd-7610-40fe-b639-db247fbaff32"><testcase classname="backend.tests.test_backend_api.TestHealth" name="test_root" time="0.161" /><testcase classname="backend.tests.test_backend_api.TestEcosystem" name="test_ecosystem_returns_8_items" time="0.045" /><testcase classname="backend.tests.test_backend_api.TestEcosystem" name="test_ecosystem_has_expected_statuses" time="0.055" /><testcase classname="backend.tests.test_backend_api.TestWaitlist" name="test_waitlist_invalid_email" time="0.046" /><testcase classname="backend.tests.test_backend_api.TestWaitlist" name="test_waitlist_create_and_idempotent" time="0.094" /><testcase classname="backend.tests.test_backend_api.TestWaitlist" name="test_waitlist_count" time="0.045" /><testcase classname="backend.tests.test_backend_api.TestAnalytics" name="test_track_event" time="0.047" /><testcase classname="backend.tests.test_backend_api.TestAnalytics" name="test_track_event_minimal" time="0.047" /><testcase classname="backend.tests.test_backend_api.TestStats" name="test_stats_shape" time="0.044" /><testcase classname="backend.tests.test_backend_api.TestStats" name="test_stats_waitlist_increments" time="0.136" /></testsuite></testsuites>