<?xml version="1.0" encoding="utf-8"?><testsuites name="pytest tests"><testsuite name="pytest" errors="0" failures="0" skipped="0" tests="39" time="11.728" timestamp="2026-05-23T14:14:24.984033+00:00" hostname="agent-env-61143a93-87e8-4e1e-b670-0a3c075c02ef"><testcase classname="backend.tests.test_founding_builders.TestAuth" name="test_register_returns_token_and_defaults" time="0.472" /><testcase classname="backend.tests.test_founding_builders.TestAuth" name="test_register_with_referral_awards_referrer" time="0.650" /><testcase classname="backend.tests.test_founding_builders.TestAuth" name="test_login_success" time="0.268" /><testcase classname="backend.tests.test_founding_builders.TestAuth" name="test_login_wrong_password" time="0.272" /><testcase classname="backend.tests.test_founding_builders.TestAuth" name="test_me_requires_auth" time="0.045" /><testcase classname="backend.tests.test_founding_builders.TestAuth" name="test_duplicate_registration_rejected" time="0.046" /><testcase classname="backend.tests.test_founding_builders.TestPublic" name="test_countdown" time="0.046" /><testcase classname="backend.tests.test_founding_builders.TestPublic" name="test_stats" time="0.046" /><testcase classname="backend.tests.test_founding_builders.TestPublic" name="test_feed_recent_items" time="0.046" /><testcase classname="backend.tests.test_founding_builders.TestPublic" name="test_leaderboard[xp]" time="0.050" /><testcase classname="backend.tests.test_founding_builders.TestPublic" name="test_leaderboard[referrers]" time="0.046" /><testcase classname="backend.tests.test_founding_builders.TestPublic" name="test_leaderboard[founders]" time="0.046" /><testcase classname="backend.tests.test_founding_builders.TestEcosystem" name="test_list_apps" time="0.045" /><testcase classname="backend.tests.test_founding_builders.TestEcosystem" name="test_visit_awards_once" time="0.098" /><testcase classname="backend.tests.test_founding_builders.TestEcosystem" name="test_visit_unknown_app" time="0.047" /><testcase classname="backend.tests.test_founding_builders.TestQuests" name="test_daily_quests_returns_three" time="0.048" /><testcase classname="backend.tests.test_founding_builders.TestQuests" name="test_complete_quest_idempotent" time="0.145" /><testcase classname="backend.tests.test_founding_builders.TestQuests" name="test_community_missions" time="0.045" /><testcase classname="backend.tests.test_founding_builders.TestMysteryBox" name="test_open_consumes_and_rewards" time="0.091" /><testcase classname="backend.tests.test_founding_builders.TestMysteryBox" name="test_open_no_boxes_400" time="0.381" /><testcase classname="backend.tests.test_founding_builders.TestSpin" name="test_spin_then_cooldown" time="0.463" /><testcase classname="backend.tests.test_founding_builders.TestSpin" name="test_spin_requires_auth" time="0.046" /><testcase classname="backend.tests.test_founding_builders.TestProfile" name="test_complete_profile_awards_once_and_levels_up" time="0.374" /><testcase classname="backend.tests.test_founding_builders.TestProfile" name="test_daily_login_idempotent_per_day" time="0.368" /><testcase classname="backend.tests.test_founding_builders.TestShare" name="test_share_endpoints_xp" time="0.456" /><testcase classname="backend.tests.test_founding_builders.TestLeveling" name="test_level_up_to_builder_at_500" time="0.507" /><testcase classname="backend.tests.test_founding_builders.TestMayor" name="test_mayor_chat_and_history" time="5.918" /><testcase classname="backend.tests.test_founding_builders.TestAuthGuards" name="test_protected_endpoints_require_auth[get-/auth/me]" time="0.051" /><testcase classname="backend.tests.test_founding_builders.TestAuthGuards" name="test_protected_endpoints_require_auth[patch-/profile]" time="0.046" /><testcase classname="backend.tests.test_founding_builders.TestAuthGuards" name="test_protected_endpoints_require_auth[post-/profile/daily-login]" time="0.043" /><testcase classname="backend.tests.test_founding_builders.TestAuthGuards" name="test_protected_endpoints_require_auth[post-/spin]" time="0.043" /><testcase classname="backend.tests.test_founding_builders.TestAuthGuards" name="test_protected_endpoints_require_auth[get-/spin/status]" time="0.054" /><testcase classname="backend.tests.test_founding_builders.TestAuthGuards" name="test_protected_endpoints_require_auth[post-/mystery-box/open]" time="0.045" /><testcase classname="backend.tests.test_founding_builders.TestAuthGuards" name="test_protected_endpoints_require_auth[post-/quests/complete]" time="0.055" /><testcase classname="backend.tests.test_founding_builders.TestAuthGuards" name="test_protected_endpoints_require_auth[get-/quests/daily]" time="0.048" /><testcase classname="backend.tests.test_founding_builders.TestAuthGuards" name="test_protected_endpoints_require_auth[post-/ecosystem/visit]" time="0.059" /><testcase classname="backend.tests.test_founding_builders.TestAuthGuards" name="test_protected_endpoints_require_auth[post-/share/x]" time="0.042" /><testcase classname="backend.tests.test_founding_builders.TestAuthGuards" name="test_protected_endpoints_require_auth[post-/mayor/chat]" time="0.051" /><testcase classname="backend.tests.test_founding_builders.TestAuthGuards" name="test_protected_endpoints_require_auth[get-/mayor/history]" time="0.045" /></testsuite></testsuites>